[17:37:02] [ServerMain/INFO]: Environment: authHost='https://authserver.mojang.com', accountsHost='https://api.mojang.com', sessionHost='https://sessionserver.mojang.com', servicesHost='https://api.minecraftservices.com', name='PROD'
[17:37:04] [ServerMain/INFO]: Loaded 7 recipes
[17:37:05] [Server thread/INFO]: Starting minecraft server version 1.20
[17:37:05] [Server thread/INFO]: Loading properties
[17:37:05] [Server thread/INFO]: This server is running Paper version git-Paper-17 (MC: 1.20) (Implementing API version 1.20-R0.1-SNAPSHOT) (Git: c287e92)
[17:37:05] [Server thread/INFO]: Server Ping Player Sample Count: 12
[17:37:05] [Server thread/INFO]: Using 4 threads for Netty based IO
[17:37:05] [Server thread/WARN]: [!] The timings profiler has been enabled but has been scheduled for removal from Paper in the future.
    We recommend installing the spark profiler as a replacement: https://spark.lucko.me/
    For more information please visit: https://github.com/PaperMC/Paper/issues/8948
[17:37:05] [Server thread/INFO]: [ChunkTaskScheduler] Chunk system is using 1 I/O threads, 1 worker threads, and gen parallelism of 1 threads
[17:37:06] [Server thread/INFO]: Default game type: SURVIVAL
[17:37:06] [Server thread/INFO]: Generating keypair
[17:37:06] [Server thread/INFO]: Starting Minecraft server on *:25565
[17:37:06] [Server thread/INFO]: Using epoll channel type
[17:37:06] [Server thread/INFO]: Paper: Using libdeflate (Linux x86_64) compression from Velocity.
[17:37:06] [Server thread/INFO]: Paper: Using OpenSSL 1.1.x (Linux x86_64) cipher from Velocity.
[17:37:06] [Server thread/INFO]: [Permadeath] Loading server plugin Permadeath v1.3
[17:37:06] [Server thread/INFO]: Server permissions file permissions.yml is empty, ignoring it
[17:37:06] [Server thread/INFO]: [Permadeath] Enabling Permadeath v1.3
[17:37:06] [Server thread/WARN]: **** SERVER IS RUNNING IN OFFLINE/INSECURE MODE!
[17:37:06] [Server thread/WARN]: The server will make no attempt to authenticate usernames. Beware.
[17:37:06] [Server thread/WARN]: While this makes the game possible to play without internet access, it also opens up the ability for hackers to connect with any username they choose.
[17:37:06] [Server thread/WARN]: To change this, set "online-mode" to "true" in the server.properties file.
[17:37:06] [Server thread/INFO]: Preparing level "world"
[17:37:07] [Server thread/INFO]: Preparing start region for dimension minecraft:overworld
[17:37:07] [Server thread/INFO]: Time elapsed: 299 ms
[17:37:07] [Server thread/INFO]: Preparing start region for dimension minecraft:the_nether
[17:37:07] [Server thread/INFO]: Time elapsed: 135 ms
[17:37:07] [Server thread/INFO]: Preparing start region for dimension minecraft:the_end
[17:37:08] [Server thread/INFO]: Time elapsed: 101 ms
[17:37:08] [Server thread/INFO]: Running delayed init tasks
[17:37:08] [Server thread/INFO]: Permadeath ➤ No se ha encontrado una librería JDA, deberás instalar una en caso de querer utilizar un bot de Discord.
[17:37:08] [Server thread/INFO]: Descarga aquí: https://www.spigotmc.org/resources/permadeath-%E2%98%A0%EF%B8%8F.112343/
[17:37:08] [Server thread/INFO]: Si no puedes descargarlo allí, únete a este Discord y te daremos acceso al enlace: https://discord.gg/8evPbuxPke
[17:37:08] [Server thread/INFO]: ------------------------------------------
[17:37:08] [Server thread/INFO]:              PERMADEATH
[17:37:08] [Server thread/INFO]:      - Versión: 1.3
[17:37:08] [Server thread/INFO]:      - Versión del Servidor: v1.20
[17:37:08] [Server thread/INFO]: ------------------------------------------
[17:37:08] [Server thread/INFO]:  >> INFORME DE ESTADO
[17:37:08] [Server thread/INFO]: > Estado de mundos: Overworld: world End: world_the_end
[17:37:08] [Server thread/INFO]:     > End: world_the_end
[17:37:08] [Server thread/INFO]:     > Overworld: world
[17:37:08] [Server thread/INFO]: > Estado de Compatibilidad: Compatible
[17:37:08] [Server thread/INFO]: > Software: PaperMC (Compatible)
[17:37:08] [Server thread/INFO]: > Cambios:
[17:37:08] [Server thread/INFO]: >   Días disponibles: 1-60
[17:37:08] [Server thread/INFO]: > ADVERTENCIA: No se ha encontrado el plugin World Edit
[17:37:08] [Server thread/INFO]: > Algunas funciones pueden no funcionar correctamente. Ten en cuenta que las estructuras de The Beginning no podrán ser generadas en días avanzados.
[17:37:08] [Server thread/INFO]: [PermaDeath] > Se han registrado los cambios de Mobs pacíficos hostiles.
[17:37:08] [Server thread/INFO]: [PermaDeath] > Se han registrado cambios especiales para PaperMC.
[17:37:08] [Server thread/INFO]: [PermaDeath] > Se han registrado cambios para el día 40
[17:37:08] [Server thread/INFO]: [PermaDeath] > No se pudo registrar TheBeginning ya que no se ha encontrado el plugin WorldEdit
[17:37:08] [Server thread/INFO]: [PermaDeath] > Si necesitas soporte entra a este discord: https://www.spigotmc.org/resources/permadeath-%E2%98%A0%EF%B8%8F.112343/
[17:37:08] [Server thread/INFO]: Done (3.164s)! For help, type "help"
[17:37:08] [Server thread/INFO]: Timings Reset
[17:37:09] [Craft Scheduler Thread - 3 - Permadeath/INFO]: Permadeath ➤ Versión del plugin: Versión más reciente instalada.
[17:37:09] [Server thread/INFO]: [PermaDeath] > Se han registrado cambios para el día 50
[17:37:12] [User Authenticator #0/INFO]: UUID of player MauGP is 8794f8df-32b5-3f1f-88db-58309a8da55f
[17:37:16] [Server thread/INFO]: MauGP se ha unido al servidor.
[17:37:16] [Server thread/INFO]: MauGP[/127.126.97.241:53341] logged in with entity id 91 at ([world]77.67913568988187, 87.0, 44.21676379375066)
[17:37:31] [Server thread/INFO]: MauGP issued server command: /gamemode spectator
[17:37:31] [Server thread/INFO]: [MauGP: Set own game mode to Spectator Mode]
[17:37:39] [Server thread/INFO]: MauGP issued server command: /gamemode creative
[17:37:39] [Server thread/INFO]: [MauGP: Set own game mode to Creative Mode]
[17:38:48] [Server thread/INFO]: MauGP issued server command: /gamemode spectator
[17:38:48] [Server thread/INFO]: [MauGP: Set own game mode to Spectator Mode]
[17:38:51] [Server thread/INFO]: MauGP issued server command: /gamemode creative
[17:38:51] [Server thread/INFO]: [MauGP: Set own game mode to Creative Mode]
[17:38:59] [Server thread/ERROR]: Could not pass event CreatureSpawnEvent to Permadeath v1.3
java.lang.NullPointerException: Cannot invoke "net.minecraft.world.entity.Entity.getBukkitEntity()" because the return value of "net.minecraft.world.entity.EntityTypes.spawn(net.minecraft.server.level.WorldServer, net.minecraft.core.BlockPosition, net.minecraft.world.entity.EnumMobSpawn, org.bukkit.event.entity.CreatureSpawnEvent$SpawnReason)" is null
	at tech.sebazcrc.permadeath.nms.v1_20_R1.NMSHandlerImpl.spawnNMSEntity(NMSHandlerImpl.java:269) ~[Permadeath-1.3.jar:?]
	at tech.sebazcrc.permadeath.event.entity.SpawnListener.onSpawn(SpawnListener.java:127) ~[Permadeath-1.3.jar:?]
	at com.destroystokyo.paper.event.executor.asm.generated.GeneratedEventExecutor3.execute(Unknown Source) ~[?:?]
	at org.bukkit.plugin.EventExecutor$2.execute(EventExecutor.java:77) ~[paper-api-1.20-R0.1-SNAPSHOT.jar:?]
	at co.aikar.timings.TimedEventExecutor.execute(TimedEventExecutor.java:81) ~[paper-api-1.20-R0.1-SNAPSHOT.jar:git-Paper-17]
	at org.bukkit.plugin.RegisteredListener.callEvent(RegisteredListener.java:70) ~[paper-api-1.20-R0.1-SNAPSHOT.jar:?]
	at io.papermc.paper.plugin.manager.PaperEventManager.callEvent(PaperEventManager.java:54) ~[paper-1.20.jar:git-Paper-17]
	at io.papermc.paper.plugin.manager.PaperPluginManagerImpl.callEvent(PaperPluginManagerImpl.java:126) ~[paper-1.20.jar:git-Paper-17]
	at org.bukkit.plugin.SimplePluginManager.callEvent(SimplePluginManager.java:615) ~[paper-api-1.20-R0.1-SNAPSHOT.jar:?]
	at org.bukkit.craftbukkit.v1_20_R1.event.CraftEventFactory.callCreatureSpawnEvent(CraftEventFactory.java:759) ~[paper-1.20.jar:git-Paper-17]
	at org.bukkit.craftbukkit.v1_20_R1.event.CraftEventFactory.doEntityAddEventCalling(CraftEventFactory.java:664) ~[paper-1.20.jar:git-Paper-17]
	at net.minecraft.server.level.ServerLevel.addEntity(ServerLevel.java:1656) ~[?:?]
	at net.minecraft.server.level.ServerLevel.addFreshEntity(ServerLevel.java:1564) ~[?:?]
	at net.minecraft.world.level.ServerLevelAccessor.lambda$addFreshEntityWithPassengers$0(ServerLevelAccessor.java:16) ~[?:?]
	at java.util.stream.Streams$StreamBuilderImpl.forEachRemaining(Streams.java:411) ~[?:?]
	at java.util.stream.ReferencePipeline$Head.forEach(ReferencePipeline.java:762) ~[?:?]
	at net.minecraft.world.level.ServerLevelAccessor.addFreshEntityWithPassengers(ServerLevelAccessor.java:16) ~[?:?]
	at net.minecraft.server.level.ServerLevel.tryAddFreshEntityWithPassengers(ServerLevel.java:1679) ~[?:?]
	at net.minecraft.server.commands.SummonCommand.createEntity(SummonCommand.java:70) ~[?:?]
	at net.minecraft.server.commands.SummonCommand.spawnEntity(SummonCommand.java:80) ~[?:?]
	at net.minecraft.server.commands.SummonCommand.lambda$register$2(SummonCommand.java:42) ~[?:?]
	at com.mojang.brigadier.CommandDispatcher.execute(CommandDispatcher.java:265) ~[paper-1.20.jar:?]
	at net.minecraft.commands.Commands.performCommand(Commands.java:324) ~[?:?]
	at net.minecraft.commands.Commands.performPrefixedCommand(Commands.java:303) ~[?:?]
	at net.minecraft.commands.Commands.dispatchServerCommand(Commands.java:292) ~[?:?]
	at net.minecraft.world.level.BaseCommandBlock.performCommand(BaseCommandBlock.java:133) ~[?:?]
	at net.minecraft.world.level.block.CommandBlock.execute(CommandBlock.java:121) ~[?:?]
	at net.minecraft.world.level.block.CommandBlock.tick(CommandBlock.java:108) ~[?:?]
	at net.minecraft.world.level.block.state.BlockBehaviour$BlockStateBase.tick(BlockBehaviour.java:1157) ~[?:?]
	at net.minecraft.server.level.ServerLevel.tickBlock(ServerLevel.java:1300) ~[?:?]
	at net.minecraft.world.ticks.LevelTicks.runCollectedTicks(LevelTicks.java:197) ~[?:?]
	at net.minecraft.world.ticks.LevelTicks.tick(LevelTicks.java:94) ~[?:?]
	at net.minecraft.server.level.ServerLevel.tick(ServerLevel.java:814) ~[?:?]
	at net.minecraft.server.MinecraftServer.tickChildren(MinecraftServer.java:1543) ~[paper-1.20.jar:git-Paper-17]
	at net.minecraft.server.dedicated.DedicatedServer.tickChildren(DedicatedServer.java:447) ~[paper-1.20.jar:git-Paper-17]
	at net.minecraft.server.MinecraftServer.tickServer(MinecraftServer.java:1394) ~[paper-1.20.jar:git-Paper-17]
	at net.minecraft.server.MinecraftServer.runServer(MinecraftServer.java:1171) ~[paper-1.20.jar:git-Paper-17]
	at net.minecraft.server.MinecraftServer.lambda$spin$0(MinecraftServer.java:318) ~[paper-1.20.jar:git-Paper-17]
	at java.lang.Thread.run(Thread.java:840) ~[?:?]
[17:39:06] [Server thread/ERROR]: Could not pass event CreatureSpawnEvent to Permadeath v1.3
java.lang.NullPointerException: Cannot invoke "net.minecraft.world.entity.Entity.getBukkitEntity()" because the return value of "net.minecraft.world.entity.EntityTypes.spawn(net.minecraft.server.level.WorldServer, net.minecraft.core.BlockPosition, net.minecraft.world.entity.EnumMobSpawn, org.bukkit.event.entity.CreatureSpawnEvent$SpawnReason)" is null
	at tech.sebazcrc.permadeath.nms.v1_20_R1.NMSHandlerImpl.spawnNMSEntity(NMSHandlerImpl.java:269) ~[Permadeath-1.3.jar:?]
	at tech.sebazcrc.permadeath.event.entity.SpawnListener.onSpawn(SpawnListener.java:127) ~[Permadeath-1.3.jar:?]
	at com.destroystokyo.paper.event.executor.asm.generated.GeneratedEventExecutor3.execute(Unknown Source) ~[?:?]
	at org.bukkit.plugin.EventExecutor$2.execute(EventExecutor.java:77) ~[paper-api-1.20-R0.1-SNAPSHOT.jar:?]
	at co.aikar.timings.TimedEventExecutor.execute(TimedEventExecutor.java:81) ~[paper-api-1.20-R0.1-SNAPSHOT.jar:git-Paper-17]
	at org.bukkit.plugin.RegisteredListener.callEvent(RegisteredListener.java:70) ~[paper-api-1.20-R0.1-SNAPSHOT.jar:?]
	at io.papermc.paper.plugin.manager.PaperEventManager.callEvent(PaperEventManager.java:54) ~[paper-1.20.jar:git-Paper-17]
	at io.papermc.paper.plugin.manager.PaperPluginManagerImpl.callEvent(PaperPluginManagerImpl.java:126) ~[paper-1.20.jar:git-Paper-17]
	at org.bukkit.plugin.SimplePluginManager.callEvent(SimplePluginManager.java:615) ~[paper-api-1.20-R0.1-SNAPSHOT.jar:?]
	at org.bukkit.craftbukkit.v1_20_R1.event.CraftEventFactory.callCreatureSpawnEvent(CraftEventFactory.java:759) ~[paper-1.20.jar:git-Paper-17]
	at org.bukkit.craftbukkit.v1_20_R1.event.CraftEventFactory.doEntityAddEventCalling(CraftEventFactory.java:664) ~[paper-1.20.jar:git-Paper-17]
	at net.minecraft.server.level.ServerLevel.addEntity(ServerLevel.java:1656) ~[?:?]
	at net.minecraft.server.level.ServerLevel.addFreshEntity(ServerLevel.java:1564) ~[?:?]
	at net.minecraft.world.level.ServerLevelAccessor.lambda$addFreshEntityWithPassengers$0(ServerLevelAccessor.java:16) ~[?:?]
	at java.util.stream.Streams$StreamBuilderImpl.forEachRemaining(Streams.java:411) ~[?:?]
	at java.util.stream.ReferencePipeline$Head.forEach(ReferencePipeline.java:762) ~[?:?]
	at net.minecraft.world.level.ServerLevelAccessor.addFreshEntityWithPassengers(ServerLevelAccessor.java:16) ~[?:?]
	at net.minecraft.server.level.ServerLevel.tryAddFreshEntityWithPassengers(ServerLevel.java:1679) ~[?:?]
	at net.minecraft.server.commands.SummonCommand.createEntity(SummonCommand.java:70) ~[?:?]
	at net.minecraft.server.commands.SummonCommand.spawnEntity(SummonCommand.java:80) ~[?:?]
	at net.minecraft.server.commands.SummonCommand.lambda$register$2(SummonCommand.java:42) ~[?:?]
	at com.mojang.brigadier.CommandDispatcher.execute(CommandDispatcher.java:265) ~[paper-1.20.jar:?]
	at net.minecraft.commands.Commands.performCommand(Commands.java:324) ~[?:?]
	at net.minecraft.commands.Commands.performPrefixedCommand(Commands.java:303) ~[?:?]
	at net.minecraft.commands.Commands.dispatchServerCommand(Commands.java:292) ~[?:?]
	at net.minecraft.world.level.BaseCommandBlock.performCommand(BaseCommandBlock.java:133) ~[?:?]
	at net.minecraft.world.level.block.CommandBlock.execute(CommandBlock.java:121) ~[?:?]
	at net.minecraft.world.level.block.CommandBlock.tick(CommandBlock.java:108) ~[?:?]
	at net.minecraft.world.level.block.state.BlockBehaviour$BlockStateBase.tick(BlockBehaviour.java:1157) ~[?:?]
	at net.minecraft.server.level.ServerLevel.tickBlock(ServerLevel.java:1300) ~[?:?]
	at net.minecraft.world.ticks.LevelTicks.runCollectedTicks(LevelTicks.java:197) ~[?:?]
	at net.minecraft.world.ticks.LevelTicks.tick(LevelTicks.java:94) ~[?:?]
	at net.minecraft.server.level.ServerLevel.tick(ServerLevel.java:814) ~[?:?]
	at net.minecraft.server.MinecraftServer.tickChildren(MinecraftServer.java:1543) ~[paper-1.20.jar:git-Paper-17]
	at net.minecraft.server.dedicated.DedicatedServer.tickChildren(DedicatedServer.java:447) ~[paper-1.20.jar:git-Paper-17]
	at net.minecraft.server.MinecraftServer.tickServer(MinecraftServer.java:1394) ~[paper-1.20.jar:git-Paper-17]
	at net.minecraft.server.MinecraftServer.runServer(MinecraftServer.java:1171) ~[paper-1.20.jar:git-Paper-17]
	at net.minecraft.server.MinecraftServer.lambda$spin$0(MinecraftServer.java:318) ~[paper-1.20.jar:git-Paper-17]
	at java.lang.Thread.run(Thread.java:840) ~[?:?]
[17:39:06] [Server thread/ERROR]: Could not pass event CreatureSpawnEvent to Permadeath v1.3
java.lang.NullPointerException: Cannot invoke "net.minecraft.world.entity.Entity.getBukkitEntity()" because the return value of "net.minecraft.world.entity.EntityTypes.spawn(net.minecraft.server.level.WorldServer, net.minecraft.core.BlockPosition, net.minecraft.world.entity.EnumMobSpawn, org.bukkit.event.entity.CreatureSpawnEvent$SpawnReason)" is null
	at tech.sebazcrc.permadeath.nms.v1_20_R1.NMSHandlerImpl.spawnNMSEntity(NMSHandlerImpl.java:269) ~[Permadeath-1.3.jar:?]
	at tech.sebazcrc.permadeath.event.entity.SpawnListener.onSpawn(SpawnListener.java:127) ~[Permadeath-1.3.jar:?]
	at com.destroystokyo.paper.event.executor.asm.generated.GeneratedEventExecutor3.execute(Unknown Source) ~[?:?]
	at org.bukkit.plugin.EventExecutor$2.execute(EventExecutor.java:77) ~[paper-api-1.20-R0.1-SNAPSHOT.jar:?]
	at co.aikar.timings.TimedEventExecutor.execute(TimedEventExecutor.java:81) ~[paper-api-1.20-R0.1-SNAPSHOT.jar:git-Paper-17]
	at org.bukkit.plugin.RegisteredListener.callEvent(RegisteredListener.java:70) ~[paper-api-1.20-R0.1-SNAPSHOT.jar:?]
	at io.papermc.paper.plugin.manager.PaperEventManager.callEvent(PaperEventManager.java:54) ~[paper-1.20.jar:git-Paper-17]
	at io.papermc.paper.plugin.manager.PaperPluginManagerImpl.callEvent(PaperPluginManagerImpl.java:126) ~[paper-1.20.jar:git-Paper-17]
	at org.bukkit.plugin.SimplePluginManager.callEvent(SimplePluginManager.java:615) ~[paper-api-1.20-R0.1-SNAPSHOT.jar:?]
	at org.bukkit.craftbukkit.v1_20_R1.event.CraftEventFactory.callCreatureSpawnEvent(CraftEventFactory.java:759) ~[paper-1.20.jar:git-Paper-17]
	at org.bukkit.craftbukkit.v1_20_R1.event.CraftEventFactory.doEntityAddEventCalling(CraftEventFactory.java:664) ~[paper-1.20.jar:git-Paper-17]
	at net.minecraft.server.level.ServerLevel.addEntity(ServerLevel.java:1656) ~[?:?]
	at net.minecraft.server.level.ServerLevel.addFreshEntity(ServerLevel.java:1564) ~[?:?]
	at net.minecraft.world.level.ServerLevelAccessor.lambda$addFreshEntityWithPassengers$0(ServerLevelAccessor.java:16) ~[?:?]
	at java.util.stream.Streams$StreamBuilderImpl.forEachRemaining(Streams.java:411) ~[?:?]
	at java.util.stream.ReferencePipeline$Head.forEach(ReferencePipeline.java:762) ~[?:?]
	at net.minecraft.world.level.ServerLevelAccessor.addFreshEntityWithPassengers(ServerLevelAccessor.java:16) ~[?:?]
	at net.minecraft.server.level.ServerLevel.tryAddFreshEntityWithPassengers(ServerLevel.java:1679) ~[?:?]
	at net.minecraft.server.commands.SummonCommand.createEntity(SummonCommand.java:70) ~[?:?]
	at net.minecraft.server.commands.SummonCommand.spawnEntity(SummonCommand.java:80) ~[?:?]
	at net.minecraft.server.commands.SummonCommand.lambda$register$2(SummonCommand.java:42) ~[?:?]
	at com.mojang.brigadier.CommandDispatcher.execute(CommandDispatcher.java:265) ~[paper-1.20.jar:?]
	at net.minecraft.commands.Commands.performCommand(Commands.java:324) ~[?:?]
	at net.minecraft.commands.Commands.performPrefixedCommand(Commands.java:303) ~[?:?]
	at net.minecraft.commands.Commands.dispatchServerCommand(Commands.java:292) ~[?:?]
	at net.minecraft.world.level.BaseCommandBlock.performCommand(BaseCommandBlock.java:133) ~[?:?]
	at net.minecraft.world.level.block.CommandBlock.execute(CommandBlock.java:121) ~[?:?]
	at net.minecraft.world.level.block.CommandBlock.tick(CommandBlock.java:108) ~[?:?]
	at net.minecraft.world.level.block.state.BlockBehaviour$BlockStateBase.tick(BlockBehaviour.java:1157) ~[?:?]
	at net.minecraft.server.level.ServerLevel.tickBlock(ServerLevel.java:1300) ~[?:?]
	at net.minecraft.world.ticks.LevelTicks.runCollectedTicks(LevelTicks.java:197) ~[?:?]
	at net.minecraft.world.ticks.LevelTicks.tick(LevelTicks.java:94) ~[?:?]
	at net.minecraft.server.level.ServerLevel.tick(ServerLevel.java:814) ~[?:?]
	at net.minecraft.server.MinecraftServer.tickChildren(MinecraftServer.java:1543) ~[paper-1.20.jar:git-Paper-17]
	at net.minecraft.server.dedicated.DedicatedServer.tickChildren(DedicatedServer.java:447) ~[paper-1.20.jar:git-Paper-17]
	at net.minecraft.server.MinecraftServer.tickServer(MinecraftServer.java:1394) ~[paper-1.20.jar:git-Paper-17]
	at net.minecraft.server.MinecraftServer.runServer(MinecraftServer.java:1171) ~[paper-1.20.jar:git-Paper-17]
	at net.minecraft.server.MinecraftServer.lambda$spin$0(MinecraftServer.java:318) ~[paper-1.20.jar:git-Paper-17]
	at java.lang.Thread.run(Thread.java:840) ~[?:?]
[17:39:56] [Server thread/INFO]: MauGP issued server command: /gamemode spectator
[17:39:56] [Server thread/INFO]: [MauGP: Set own game mode to Spectator Mode]
[17:40:01] [Server thread/INFO]: MauGP issued server command: /gamemode creative
[17:40:01] [Server thread/INFO]: [MauGP: Set own game mode to Creative Mode]
[17:40:03] [Server thread/INFO]: MauGP issued server command: /gamemode spectator
[17:40:03] [Server thread/INFO]: [MauGP: Set own game mode to Spectator Mode]
[17:40:08] [Server thread/INFO]: MauGP issued server command: /gamemode creative
[17:40:08] [Server thread/INFO]: [MauGP: Set own game mode to Creative Mode]
[17:40:17] [Server thread/INFO]: MauGP issued server command: /gamemode spectator
[17:40:17] [Server thread/INFO]: [MauGP: Set own game mode to Spectator Mode]
[17:40:21] [Server thread/INFO]: MauGP issued server command: /gamemode creative
[17:40:21] [Server thread/INFO]: [MauGP: Set own game mode to Creative Mode]
[17:42:33] [User Authenticator #1/INFO]: UUID of player identidad303XDnt is 3025fd1e-f09d-3450-a2ee-cfb31dd6040e
[17:42:33] [Server thread/INFO]: identidad303XDnt se ha unido al servidor.
[17:42:33] [Server thread/INFO]: identidad303XDnt[/127.24.77.239:50345] logged in with entity id 23153 at ([world]93.88233061047276, 84.20000004768372, 79.58942577112863)
[17:42:49] [Server thread/INFO]: {Delay:0s,MaxNearbyEntities:6s,MaxSpawnDelay:150s,MinSpawnDelay:60s,RequiredPlayerRange:32s,SpawnCount:4s,SpawnData:{entity:{Item:{Count:1b,id:"minecraft:splash_potion",tag:{CustomPotionEffects:[{Amplifier:3s,Duration:1,Id:7}]}},id:"minecraft:potion"}},SpawnPotentials:[],SpawnRange:5s}
[17:42:55] [Server thread/INFO]: MauGP issued server command: /gamemode spectator identidad303XDnt
[17:42:55] [Server thread/INFO]: [MauGP: Set identidad303XDnt's game mode to Spectator Mode]
[17:43:29] [Server thread/INFO]: MauGP issued server command: /gamemode creative identidad303XDnt
[17:43:29] [Server thread/INFO]: [MauGP: Set identidad303XDnt's game mode to Creative Mode]
[17:44:27] [Server thread/INFO]: MauGP issued server command: /fill 108 154 76
[17:44:32] [Server thread/INFO]: MauGP issued server command: /gamemode spectator
[17:44:32] [Server thread/INFO]: [MauGP: Set own game mode to Spectator Mode]
[17:44:35] [Server thread/INFO]: MauGP issued server command: /gamemode creative
[17:44:35] [Server thread/INFO]: [MauGP: Set own game mode to Creative Mode]
[17:45:01] [Server thread/INFO]: MauGP issued server command: /tp identidad303XDnt
[17:45:01] [Server thread/INFO]: [MauGP: Teleported MauGP to identidad303XDnt]
